Using pre-set license
Built from '2020.3/staging' branch; Version is '2020.3.3f1 (76626098c1c4) revision 7758432'; Using compiler version '192528614'; Build Type 'Release'
OS: 'Windows 10 Home; OS build 19042.1237; Version 2009; 64bit' Language: 'en' Physical Memory: 16322 MB
BatchMode: 1, IsHumanControllingUs: 0, StartBugReporterOnCrash: 0, Is64bit: 1, IsPro: 0

 COMMAND LINE ARGUMENTS:
C:\Program Files\Unity\Hub\Editor\2020.3.3f1\Editor\Unity.exe
-adb2
-batchMode
-noUpm
-name
AssetImportWorker0
-projectPath
C:/Users/andre/Desktop/Class Projects/Repos/Zombie-VR-Survival/Zombie-VR-Survival
-logFile
Logs/AssetImportWorker0.log
-srvPort
63610
Successfully changed project path to: C:/Users/andre/Desktop/Class Projects/Repos/Zombie-VR-Survival/Zombie-VR-Survival
C:/Users/andre/Desktop/Class Projects/Repos/Zombie-VR-Survival/Zombie-VR-Survival
Using Asset Import Pipeline V2.
Refreshing native plugins compatible for Editor in 28.16 ms, found 3 plugins.
Preloading 1 native plugins for Editor in 0.67 ms.
Initialize engine version: 2020.3.3f1 (76626098c1c4)
[Subsystems] Discovering subsystems at path C:/Program Files/Unity/Hub/Editor/2020.3.3f1/Editor/Data/Resources/UnitySubsystems
[Subsystems] Discovering subsystems at path C:/Users/andre/Desktop/Class Projects/Repos/Zombie-VR-Survival/Zombie-VR-Survival/Assets
GfxDevice: creating device client; threaded=0
Direct3D:
    Version:  Direct3D 11.0 [level 11.1]
    Renderer: NVIDIA GeForce GTX 1660 Ti (ID=0x2182)
    Vendor:   
    VRAM:     5991 MB
    Driver:   27.21.14.5671
Initialize mono
Mono path[0] = 'C:/Program Files/Unity/Hub/Editor/2020.3.3f1/Editor/Data/Managed'
Mono path[1] = 'C:/Program Files/Unity/Hub/Editor/2020.3.3f1/Editor/Data/MonoBleedingEdge/lib/mono/unityjit'
Mono config path = 'C:/Program Files/Unity/Hub/Editor/2020.3.3f1/Editor/Data/MonoBleedingEdge/etc'
Using monoOptions --debugger-agent=transport=dt_socket,embedding=1,server=y,suspend=n,address=127.0.0.1:56544
Begin MonoManager ReloadAssembly
Registering precompiled unity dll's ...
Register platform support module: C:/Program Files/Unity/Hub/Editor/2020.3.3f1/Editor/Data/PlaybackEngines/WindowsStandaloneSupport/UnityEditor.WindowsStandalone.Extensions.dll
Registered in 0.001448 seconds.
Native extension for WindowsStandalone target not found
Refreshing native plugins compatible for Editor in 27.38 ms, found 3 plugins.
Preloading 1 native plugins for Editor in 0.08 ms.
Invoked RoslynAnalysisRunner static constructor.
RoslynAnalysisRunner will not be running.
RoslynAnalysisRunner has terminated.
Mono: successfully reloaded assembly
- Completed reload, in  0.785 seconds
Platform modules already initialized, skipping
Registering precompiled user dll's ...
Registered in 0.001322 seconds.
Begin MonoManager ReloadAssembly
Native extension for WindowsStandalone target not found
Refreshing native plugins compatible for Editor in 25.98 ms, found 3 plugins.
Preloading 1 native plugins for Editor in 0.07 ms.
Invoked RoslynAnalysisRunner static constructor.
RoslynAnalysisRunner will not be running.
RoslynAnalysisRunner has terminated.
[XR] OculusXRPlugin: registering subsystems
[XR] Unable to register display lifecyle provider: [1]
[XR] Oculus Input lifecycle provider registered.
[XR] Unable to register input lifecyle provider: [1]
NullReferenceException: Object reference not set to an instance of an object
  at Unity.XR.Oculus.OculusLoader.AssetPathToAbsolutePath (System.String assetPath) [0x00048] in C:\Users\andre\Desktop\Class Projects\Repos\Zombie-VR-Survival\Zombie-VR-Survival\Library\PackageCache\com.unity.xr.oculus@1.8.1\Runtime\OculusLoader.cs:243 
  at Unity.XR.Oculus.OculusLoader.EditorLoadOVRPlugin () [0x0007b] in C:\Users\andre\Desktop\Class Projects\Repos\Zombie-VR-Survival\Zombie-VR-Survival\Library\PackageCache\com.unity.xr.oculus@1.8.1\Runtime\OculusLoader.cs:228 

(Filename: Library/PackageCache/com.unity.xr.oculus@1.8.1/Runtime/OculusLoader.cs Line: 243)

Mono: successfully reloaded assembly
- Completed reload, in  0.741 seconds
Platform modules already initialized, skipping
========================================================================
Worker process is ready to serve import requests
Launched and connected shader compiler UnityShaderCompiler.exe after 0.02 seconds
Refreshing native plugins compatible for Editor in 0.34 ms, found 3 plugins.
Preloading 1 native plugins for Editor in 0.07 ms.
Unloading 1663 Unused Serialized files (Serialized files now loaded: 0)
System memory in use before: 90.6 MB.
System memory in use after: 90.7 MB.

Unloading 13 unused Assets to reduce memory usage. Loaded Objects now: 2125.
Total: 1.726600 ms (FindLiveObjects: 0.167500 ms CreateObjectMapping: 0.078900 ms MarkObjects: 1.397100 ms  DeleteObjects: 0.082500 ms)

========================================================================
Received Import Request.
  path: Assets/Particle System.prefab
  artifactKey: Guid(7668b8d3d64217c4ca581560505de233) Importer(815301076,1909f56bfc062723c751e8b465ee728b)
Start importing Assets/Particle System.prefab using Guid(7668b8d3d64217c4ca581560505de233) Importer(815301076,1909f56bfc062723c751e8b465ee728b)  -> (artifact id: 'b025a19a08e38bd6753bff64ea7d21fc') in 0.034331 seconds
  Import took 0.036507 seconds .

========================================================================
Received Import Request.
  Time since last request: 5.875185 seconds.
  path: Assets/Blood.prefab
  artifactKey: Guid(7668b8d3d64217c4ca581560505de233) Importer(815301076,1909f56bfc062723c751e8b465ee728b)
Start importing Assets/Blood.prefab using Guid(7668b8d3d64217c4ca581560505de233) Importer(815301076,1909f56bfc062723c751e8b465ee728b)  -> (artifact id: '5d84bcf673991e93156f19aa6f0547c2') in 0.007429 seconds
  Import took 0.009794 seconds .

========================================================================
Received Prepare
Registering precompiled user dll's ...
Registered in 0.001339 seconds.
Begin MonoManager ReloadAssembly
Native extension for WindowsStandalone target not found
Refreshing native plugins compatible for Editor in 0.34 ms, found 3 plugins.
Preloading 1 native plugins for Editor in 0.07 ms.
Invoked RoslynAnalysisRunner static constructor.
RoslynAnalysisRunner will not be running.
RoslynAnalysisRunner has terminated.
NullReferenceException: Object reference not set to an instance of an object
  at Unity.XR.Oculus.OculusLoader.AssetPathToAbsolutePath (System.String assetPath) [0x00048] in C:\Users\andre\Desktop\Class Projects\Repos\Zombie-VR-Survival\Zombie-VR-Survival\Library\PackageCache\com.unity.xr.oculus@1.8.1\Runtime\OculusLoader.cs:243 
  at Unity.XR.Oculus.OculusLoader.EditorLoadOVRPlugin () [0x0007b] in C:\Users\andre\Desktop\Class Projects\Repos\Zombie-VR-Survival\Zombie-VR-Survival\Library\PackageCache\com.unity.xr.oculus@1.8.1\Runtime\OculusLoader.cs:228 

(Filename: Library/PackageCache/com.unity.xr.oculus@1.8.1/Runtime/OculusLoader.cs Line: 243)

Mono: successfully reloaded assembly
- Completed reload, in  0.674 seconds
Platform modules already initialized, skipping
Refreshing native plugins compatible for Editor in 0.33 ms, found 3 plugins.
Preloading 1 native plugins for Editor in 0.07 ms.
Unloading 1644 Unused Serialized files (Serialized files now loaded: 0)
System memory in use before: 90.2 MB.
System memory in use after: 90.3 MB.

Unloading 6 unused Assets to reduce memory usage. Loaded Objects now: 2129.
Total: 1.589500 ms (FindLiveObjects: 0.158700 ms CreateObjectMapping: 0.052700 ms MarkObjects: 1.319700 ms  DeleteObjects: 0.057700 ms)

========================================================================
Received Prepare
Registering precompiled user dll's ...
Registered in 0.001381 seconds.
Begin MonoManager ReloadAssembly
Native extension for WindowsStandalone target not found
Refreshing native plugins compatible for Editor in 0.33 ms, found 3 plugins.
Preloading 1 native plugins for Editor in 0.07 ms.
Invoked RoslynAnalysisRunner static constructor.
RoslynAnalysisRunner will not be running.
RoslynAnalysisRunner has terminated.
NullReferenceException: Object reference not set to an instance of an object
  at Unity.XR.Oculus.OculusLoader.AssetPathToAbsolutePath (System.String assetPath) [0x00048] in C:\Users\andre\Desktop\Class Projects\Repos\Zombie-VR-Survival\Zombie-VR-Survival\Library\PackageCache\com.unity.xr.oculus@1.8.1\Runtime\OculusLoader.cs:243 
  at Unity.XR.Oculus.OculusLoader.EditorLoadOVRPlugin () [0x0007b] in C:\Users\andre\Desktop\Class Projects\Repos\Zombie-VR-Survival\Zombie-VR-Survival\Library\PackageCache\com.unity.xr.oculus@1.8.1\Runtime\OculusLoader.cs:228 

(Filename: Library/PackageCache/com.unity.xr.oculus@1.8.1/Runtime/OculusLoader.cs Line: 243)

Mono: successfully reloaded assembly
- Completed reload, in  0.656 seconds
Platform modules already initialized, skipping
Refreshing native plugins compatible for Editor in 0.34 ms, found 3 plugins.
Preloading 1 native plugins for Editor in 0.07 ms.
Unloading 1644 Unused Serialized files (Serialized files now loaded: 0)
System memory in use before: 90.2 MB.
System memory in use after: 90.3 MB.

Unloading 6 unused Assets to reduce memory usage. Loaded Objects now: 2133.
Total: 1.841900 ms (FindLiveObjects: 0.187100 ms CreateObjectMapping: 0.061600 ms MarkObjects: 1.505100 ms  DeleteObjects: 0.087200 ms)

========================================================================
Received Import Request.
  Time since last request: 315.307742 seconds.
  path: Assets/Blood.prefab
  artifactKey: Guid(7668b8d3d64217c4ca581560505de233) Importer(815301076,1909f56bfc062723c751e8b465ee728b)
Start importing Assets/Blood.prefab using Guid(7668b8d3d64217c4ca581560505de233) Importer(815301076,1909f56bfc062723c751e8b465ee728b)  -> (artifact id: 'ea93de0eabc1b2a7167619f83309a54d') in 0.022012 seconds
  Import took 0.024370 seconds .

========================================================================
Received Import Request.
  Time since last request: 0.737343 seconds.
  path: Assets/Blood.prefab
  artifactKey: Guid(7668b8d3d64217c4ca581560505de233) Importer(815301076,1909f56bfc062723c751e8b465ee728b)
Start importing Assets/Blood.prefab using Guid(7668b8d3d64217c4ca581560505de233) Importer(815301076,1909f56bfc062723c751e8b465ee728b)  -> (artifact id: '8578c64bfb2ea7a5e6215bea166a3812') in 0.003974 seconds
  Import took 0.006210 seconds .

========================================================================
Received Prepare
Registering precompiled user dll's ...
Registered in 0.001396 seconds.
Begin MonoManager ReloadAssembly
Native extension for WindowsStandalone target not found
Refreshing native plugins compatible for Editor in 0.34 ms, found 3 plugins.
Preloading 1 native plugins for Editor in 0.07 ms.
Invoked RoslynAnalysisRunner static constructor.
RoslynAnalysisRunner will not be running.
RoslynAnalysisRunner has terminated.
NullReferenceException: Object reference not set to an instance of an object
  at Unity.XR.Oculus.OculusLoader.AssetPathToAbsolutePath (System.String assetPath) [0x00048] in C:\Users\andre\Desktop\Class Projects\Repos\Zombie-VR-Survival\Zombie-VR-Survival\Library\PackageCache\com.unity.xr.oculus@1.8.1\Runtime\OculusLoader.cs:243 
  at Unity.XR.Oculus.OculusLoader.EditorLoadOVRPlugin () [0x0007b] in C:\Users\andre\Desktop\Class Projects\Repos\Zombie-VR-Survival\Zombie-VR-Survival\Library\PackageCache\com.unity.xr.oculus@1.8.1\Runtime\OculusLoader.cs:228 

(Filename: Library/PackageCache/com.unity.xr.oculus@1.8.1/Runtime/OculusLoader.cs Line: 243)

Mono: successfully reloaded assembly
- Completed reload, in  0.681 seconds
Platform modules already initialized, skipping
Refreshing native plugins compatible for Editor in 0.34 ms, found 3 plugins.
Preloading 1 native plugins for Editor in 0.07 ms.
Unloading 1644 Unused Serialized files (Serialized files now loaded: 0)
System memory in use before: 90.2 MB.
System memory in use after: 90.3 MB.

Unloading 6 unused Assets to reduce memory usage. Loaded Objects now: 2137.
Total: 1.552300 ms (FindLiveObjects: 0.143800 ms CreateObjectMapping: 0.053300 ms MarkObjects: 1.297800 ms  DeleteObjects: 0.056600 ms)

========================================================================
Received Import Request.
  Time since last request: 7.931638 seconds.
  path: Assets/Blood.prefab
  artifactKey: Guid(7668b8d3d64217c4ca581560505de233) Importer(815301076,1909f56bfc062723c751e8b465ee728b)
Start importing Assets/Blood.prefab using Guid(7668b8d3d64217c4ca581560505de233) Importer(815301076,1909f56bfc062723c751e8b465ee728b)  -> (artifact id: '828c48aa05ba8b0ef87d3b708b71232b') in 0.021103 seconds
  Import took 0.023328 seconds .

========================================================================
Received Prepare
Registering precompiled user dll's ...
Registered in 0.001395 seconds.
Begin MonoManager ReloadAssembly
Native extension for WindowsStandalone target not found
Refreshing native plugins compatible for Editor in 0.33 ms, found 3 plugins.
Preloading 1 native plugins for Editor in 0.07 ms.
Invoked RoslynAnalysisRunner static constructor.
RoslynAnalysisRunner will not be running.
RoslynAnalysisRunner has terminated.
NullReferenceException: Object reference not set to an instance of an object
  at Unity.XR.Oculus.OculusLoader.AssetPathToAbsolutePath (System.String assetPath) [0x00048] in C:\Users\andre\Desktop\Class Projects\Repos\Zombie-VR-Survival\Zombie-VR-Survival\Library\PackageCache\com.unity.xr.oculus@1.8.1\Runtime\OculusLoader.cs:243 
  at Unity.XR.Oculus.OculusLoader.EditorLoadOVRPlugin () [0x0007b] in C:\Users\andre\Desktop\Class Projects\Repos\Zombie-VR-Survival\Zombie-VR-Survival\Library\PackageCache\com.unity.xr.oculus@1.8.1\Runtime\OculusLoader.cs:228 

(Filename: Library/PackageCache/com.unity.xr.oculus@1.8.1/Runtime/OculusLoader.cs Line: 243)

Mono: successfully reloaded assembly
- Completed reload, in  0.654 seconds
Platform modules already initialized, skipping
Refreshing native plugins compatible for Editor in 0.34 ms, found 3 plugins.
Preloading 1 native plugins for Editor in 0.07 ms.
Unloading 1644 Unused Serialized files (Serialized files now loaded: 0)
System memory in use before: 90.3 MB.
System memory in use after: 90.3 MB.

Unloading 6 unused Assets to reduce memory usage. Loaded Objects now: 2141.
Total: 2.031700 ms (FindLiveObjects: 0.288500 ms CreateObjectMapping: 0.105100 ms MarkObjects: 1.567100 ms  DeleteObjects: 0.069800 ms)

========================================================================
Received Prepare
Registering precompiled user dll's ...
Registered in 0.001351 seconds.
Begin MonoManager ReloadAssembly
Native extension for WindowsStandalone target not found
Refreshing native plugins compatible for Editor in 0.35 ms, found 3 plugins.
Preloading 1 native plugins for Editor in 0.07 ms.
Invoked RoslynAnalysisRunner static constructor.
RoslynAnalysisRunner will not be running.
RoslynAnalysisRunner has terminated.
NullReferenceException: Object reference not set to an instance of an object
  at Unity.XR.Oculus.OculusLoader.AssetPathToAbsolutePath (System.String assetPath) [0x00048] in C:\Users\andre\Desktop\Class Projects\Repos\Zombie-VR-Survival\Zombie-VR-Survival\Library\PackageCache\com.unity.xr.oculus@1.8.1\Runtime\OculusLoader.cs:243 
  at Unity.XR.Oculus.OculusLoader.EditorLoadOVRPlugin () [0x0007b] in C:\Users\andre\Desktop\Class Projects\Repos\Zombie-VR-Survival\Zombie-VR-Survival\Library\PackageCache\com.unity.xr.oculus@1.8.1\Runtime\OculusLoader.cs:228 

(Filename: Library/PackageCache/com.unity.xr.oculus@1.8.1/Runtime/OculusLoader.cs Line: 243)

Mono: successfully reloaded assembly
- Completed reload, in  0.656 seconds
Platform modules already initialized, skipping
Refreshing native plugins compatible for Editor in 0.40 ms, found 3 plugins.
Preloading 1 native plugins for Editor in 0.07 ms.
Unloading 1644 Unused Serialized files (Serialized files now loaded: 0)
System memory in use before: 90.3 MB.
System memory in use after: 90.4 MB.

Unloading 6 unused Assets to reduce memory usage. Loaded Objects now: 2145.
Total: 2.888300 ms (FindLiveObjects: 0.298600 ms CreateObjectMapping: 0.108700 ms MarkObjects: 2.402800 ms  DeleteObjects: 0.076700 ms)

AssetImportWorkerClient::OnTransportError - code=2 error=End of file
