Using pre-set license
Built from '2020.3/staging' branch; Version is '2020.3.3f1 (76626098c1c4) revision 7758432'; Using compiler version '192528614'; Build Type 'Release'
OS: 'Windows 10 Home; OS build 19042.1237; Version 2009; 64bit' Language: 'en' Physical Memory: 16322 MB
BatchMode: 1, IsHumanControllingUs: 0, StartBugReporterOnCrash: 0, Is64bit: 1, IsPro: 0

 COMMAND LINE ARGUMENTS:
C:\Program Files\Unity\Hub\Editor\2020.3.3f1\Editor\Unity.exe
-adb2
-batchMode
-noUpm
-name
AssetImportWorker0
-projectPath
C:/Users/andre/Desktop/Class Projects/Repos/Zombie-VR-Survival/Zombie-VR-Survival
-logFile
Logs/AssetImportWorker0.log
-srvPort
59396
Successfully changed project path to: C:/Users/andre/Desktop/Class Projects/Repos/Zombie-VR-Survival/Zombie-VR-Survival
C:/Users/andre/Desktop/Class Projects/Repos/Zombie-VR-Survival/Zombie-VR-Survival
Using Asset Import Pipeline V2.
Refreshing native plugins compatible for Editor in 28.04 ms, found 3 plugins.
Preloading 1 native plugins for Editor in 0.73 ms.
Initialize engine version: 2020.3.3f1 (76626098c1c4)
[Subsystems] Discovering subsystems at path C:/Program Files/Unity/Hub/Editor/2020.3.3f1/Editor/Data/Resources/UnitySubsystems
[Subsystems] Discovering subsystems at path C:/Users/andre/Desktop/Class Projects/Repos/Zombie-VR-Survival/Zombie-VR-Survival/Assets
GfxDevice: creating device client; threaded=0
Direct3D:
    Version:  Direct3D 11.0 [level 11.1]
    Renderer: NVIDIA GeForce GTX 1660 Ti (ID=0x2182)
    Vendor:   
    VRAM:     5991 MB
    Driver:   27.21.14.5671
Initialize mono
Mono path[0] = 'C:/Program Files/Unity/Hub/Editor/2020.3.3f1/Editor/Data/Managed'
Mono path[1] = 'C:/Program Files/Unity/Hub/Editor/2020.3.3f1/Editor/Data/MonoBleedingEdge/lib/mono/unityjit'
Mono config path = 'C:/Program Files/Unity/Hub/Editor/2020.3.3f1/Editor/Data/MonoBleedingEdge/etc'
Using monoOptions --debugger-agent=transport=dt_socket,embedding=1,server=y,suspend=n,address=127.0.0.1:56128
Begin MonoManager ReloadAssembly
Registering precompiled unity dll's ...
Register platform support module: C:/Program Files/Unity/Hub/Editor/2020.3.3f1/Editor/Data/PlaybackEngines/WindowsStandaloneSupport/UnityEditor.WindowsStandalone.Extensions.dll
Registered in 0.001424 seconds.
Native extension for WindowsStandalone target not found
Refreshing native plugins compatible for Editor in 26.03 ms, found 3 plugins.
Preloading 1 native plugins for Editor in 0.07 ms.
Invoked RoslynAnalysisRunner static constructor.
RoslynAnalysisRunner will not be running.
RoslynAnalysisRunner has terminated.
Mono: successfully reloaded assembly
- Completed reload, in  0.788 seconds
Platform modules already initialized, skipping
Registering precompiled user dll's ...
Registered in 0.001449 seconds.
Begin MonoManager ReloadAssembly
Native extension for WindowsStandalone target not found
Refreshing native plugins compatible for Editor in 26.23 ms, found 3 plugins.
Preloading 1 native plugins for Editor in 0.07 ms.
Invoked RoslynAnalysisRunner static constructor.
RoslynAnalysisRunner will not be running.
RoslynAnalysisRunner has terminated.
[XR] OculusXRPlugin: registering subsystems
[XR] Unable to register display lifecyle provider: [1]
[XR] Oculus Input lifecycle provider registered.
[XR] Unable to register input lifecyle provider: [1]
NullReferenceException: Object reference not set to an instance of an object
  at Unity.XR.Oculus.OculusLoader.AssetPathToAbsolutePath (System.String assetPath) [0x00048] in C:\Users\andre\Desktop\Class Projects\Repos\Zombie-VR-Survival\Zombie-VR-Survival\Library\PackageCache\com.unity.xr.oculus@1.8.1\Runtime\OculusLoader.cs:243 
  at Unity.XR.Oculus.OculusLoader.EditorLoadOVRPlugin () [0x0007b] in C:\Users\andre\Desktop\Class Projects\Repos\Zombie-VR-Survival\Zombie-VR-Survival\Library\PackageCache\com.unity.xr.oculus@1.8.1\Runtime\OculusLoader.cs:228 

(Filename: Library/PackageCache/com.unity.xr.oculus@1.8.1/Runtime/OculusLoader.cs Line: 243)

Mono: successfully reloaded assembly
- Completed reload, in  0.740 seconds
Platform modules already initialized, skipping
========================================================================
Worker process is ready to serve import requests
Launched and connected shader compiler UnityShaderCompiler.exe after 0.02 seconds
Refreshing native plugins compatible for Editor in 0.32 ms, found 3 plugins.
Preloading 1 native plugins for Editor in 0.06 ms.
Unloading 1663 Unused Serialized files (Serialized files now loaded: 0)
System memory in use before: 90.7 MB.
System memory in use after: 90.7 MB.

Unloading 13 unused Assets to reduce memory usage. Loaded Objects now: 2125.
Total: 1.683200 ms (FindLiveObjects: 0.172700 ms CreateObjectMapping: 0.069200 ms MarkObjects: 1.360800 ms  DeleteObjects: 0.079500 ms)

========================================================================
Received Import Request.
  path: Assets/Blood.prefab
  artifactKey: Guid(7668b8d3d64217c4ca581560505de233) Importer(815301076,1909f56bfc062723c751e8b465ee728b)
Start importing Assets/Blood.prefab using Guid(7668b8d3d64217c4ca581560505de233) Importer(815301076,1909f56bfc062723c751e8b465ee728b)  -> (artifact id: '1d146f2277569b293c2f406897f080c9') in 0.035628 seconds
  Import took 0.037803 seconds .

========================================================================
Received Import Request.
  Time since last request: 0.150010 seconds.
  path: Assets/Blood.prefab
  artifactKey: Guid(7668b8d3d64217c4ca581560505de233) Importer(815301076,1909f56bfc062723c751e8b465ee728b)
Start importing Assets/Blood.prefab using Guid(7668b8d3d64217c4ca581560505de233) Importer(815301076,1909f56bfc062723c751e8b465ee728b)  -> (artifact id: '474cd1e67cd41f3b3a2ce484e49a16e1') in 0.003622 seconds
  Import took 0.005811 seconds .

========================================================================
Received Import Request.
  Time since last request: 4.633980 seconds.
  path: Assets/Blood.prefab
  artifactKey: Guid(7668b8d3d64217c4ca581560505de233) Importer(815301076,1909f56bfc062723c751e8b465ee728b)
Start importing Assets/Blood.prefab using Guid(7668b8d3d64217c4ca581560505de233) Importer(815301076,1909f56bfc062723c751e8b465ee728b)  -> (artifact id: 'c34cda7bc318686fc34789fe72e83cbc') in 0.003689 seconds
  Import took 0.005944 seconds .

========================================================================
Received Import Request.
  Time since last request: 1.206285 seconds.
  path: Assets/Blood.prefab
  artifactKey: Guid(7668b8d3d64217c4ca581560505de233) Importer(815301076,1909f56bfc062723c751e8b465ee728b)
Start importing Assets/Blood.prefab using Guid(7668b8d3d64217c4ca581560505de233) Importer(815301076,1909f56bfc062723c751e8b465ee728b)  -> (artifact id: '9572148132b85ac6a8d8c2239796c214') in 0.003716 seconds
  Import took 0.005969 seconds .

========================================================================
Received Import Request.
  Time since last request: 0.006142 seconds.
  path: Assets/Blood.prefab
  artifactKey: Guid(7668b8d3d64217c4ca581560505de233) Importer(815301076,1909f56bfc062723c751e8b465ee728b)
Start importing Assets/Blood.prefab using Guid(7668b8d3d64217c4ca581560505de233) Importer(815301076,1909f56bfc062723c751e8b465ee728b)  -> (artifact id: '9572148132b85ac6a8d8c2239796c214') in 0.003583 seconds
  Import took 0.005843 seconds .

========================================================================
Received Import Request.
  Time since last request: 1.353950 seconds.
  path: Assets/Blood.prefab
  artifactKey: Guid(7668b8d3d64217c4ca581560505de233) Importer(815301076,1909f56bfc062723c751e8b465ee728b)
Start importing Assets/Blood.prefab using Guid(7668b8d3d64217c4ca581560505de233) Importer(815301076,1909f56bfc062723c751e8b465ee728b)  -> (artifact id: 'a413ddbb03be9ce29452a8967c7dc131') in 0.002897 seconds
  Import took 0.005206 seconds .

========================================================================
Received Prepare
Registering precompiled user dll's ...
Registered in 0.001410 seconds.
Begin MonoManager ReloadAssembly
Native extension for WindowsStandalone target not found
Refreshing native plugins compatible for Editor in 0.34 ms, found 3 plugins.
Preloading 1 native plugins for Editor in 0.08 ms.
Invoked RoslynAnalysisRunner static constructor.
RoslynAnalysisRunner will not be running.
RoslynAnalysisRunner has terminated.
NullReferenceException: Object reference not set to an instance of an object
  at Unity.XR.Oculus.OculusLoader.AssetPathToAbsolutePath (System.String assetPath) [0x00048] in C:\Users\andre\Desktop\Class Projects\Repos\Zombie-VR-Survival\Zombie-VR-Survival\Library\PackageCache\com.unity.xr.oculus@1.8.1\Runtime\OculusLoader.cs:243 
  at Unity.XR.Oculus.OculusLoader.EditorLoadOVRPlugin () [0x0007b] in C:\Users\andre\Desktop\Class Projects\Repos\Zombie-VR-Survival\Zombie-VR-Survival\Library\PackageCache\com.unity.xr.oculus@1.8.1\Runtime\OculusLoader.cs:228 

(Filename: Library/PackageCache/com.unity.xr.oculus@1.8.1/Runtime/OculusLoader.cs Line: 243)

Mono: successfully reloaded assembly
- Completed reload, in  0.742 seconds
Platform modules already initialized, skipping
Refreshing native plugins compatible for Editor in 0.36 ms, found 3 plugins.
Preloading 1 native plugins for Editor in 0.07 ms.
Unloading 1644 Unused Serialized files (Serialized files now loaded: 0)
System memory in use before: 90.2 MB.
System memory in use after: 90.3 MB.

Unloading 6 unused Assets to reduce memory usage. Loaded Objects now: 2129.
Total: 2.038500 ms (FindLiveObjects: 0.278900 ms CreateObjectMapping: 0.102800 ms MarkObjects: 1.580800 ms  DeleteObjects: 0.074800 ms)

========================================================================
Received Prepare
Registering precompiled user dll's ...
Registered in 0.001456 seconds.
Begin MonoManager ReloadAssembly
Native extension for WindowsStandalone target not found
Refreshing native plugins compatible for Editor in 0.33 ms, found 3 plugins.
Preloading 1 native plugins for Editor in 0.07 ms.
Invoked RoslynAnalysisRunner static constructor.
RoslynAnalysisRunner will not be running.
RoslynAnalysisRunner has terminated.
NullReferenceException: Object reference not set to an instance of an object
  at Unity.XR.Oculus.OculusLoader.AssetPathToAbsolutePath (System.String assetPath) [0x00048] in C:\Users\andre\Desktop\Class Projects\Repos\Zombie-VR-Survival\Zombie-VR-Survival\Library\PackageCache\com.unity.xr.oculus@1.8.1\Runtime\OculusLoader.cs:243 
  at Unity.XR.Oculus.OculusLoader.EditorLoadOVRPlugin () [0x0007b] in C:\Users\andre\Desktop\Class Projects\Repos\Zombie-VR-Survival\Zombie-VR-Survival\Library\PackageCache\com.unity.xr.oculus@1.8.1\Runtime\OculusLoader.cs:228 

(Filename: Library/PackageCache/com.unity.xr.oculus@1.8.1/Runtime/OculusLoader.cs Line: 243)

Mono: successfully reloaded assembly
- Completed reload, in  0.675 seconds
Platform modules already initialized, skipping
Refreshing native plugins compatible for Editor in 0.45 ms, found 3 plugins.
Preloading 1 native plugins for Editor in 0.09 ms.
Unloading 1644 Unused Serialized files (Serialized files now loaded: 0)
System memory in use before: 90.2 MB.
System memory in use after: 90.3 MB.

Unloading 6 unused Assets to reduce memory usage. Loaded Objects now: 2133.
Total: 1.831600 ms (FindLiveObjects: 0.176600 ms CreateObjectMapping: 0.076700 ms MarkObjects: 1.488300 ms  DeleteObjects: 0.089100 ms)

========================================================================
Received Prepare
Registering precompiled user dll's ...
Registered in 0.001340 seconds.
Begin MonoManager ReloadAssembly
Native extension for WindowsStandalone target not found
Refreshing native plugins compatible for Editor in 0.33 ms, found 3 plugins.
Preloading 1 native plugins for Editor in 0.07 ms.
Invoked RoslynAnalysisRunner static constructor.
RoslynAnalysisRunner will not be running.
RoslynAnalysisRunner has terminated.
NullReferenceException: Object reference not set to an instance of an object
  at Unity.XR.Oculus.OculusLoader.AssetPathToAbsolutePath (System.String assetPath) [0x00048] in C:\Users\andre\Desktop\Class Projects\Repos\Zombie-VR-Survival\Zombie-VR-Survival\Library\PackageCache\com.unity.xr.oculus@1.8.1\Runtime\OculusLoader.cs:243 
  at Unity.XR.Oculus.OculusLoader.EditorLoadOVRPlugin () [0x0007b] in C:\Users\andre\Desktop\Class Projects\Repos\Zombie-VR-Survival\Zombie-VR-Survival\Library\PackageCache\com.unity.xr.oculus@1.8.1\Runtime\OculusLoader.cs:228 

(Filename: Library/PackageCache/com.unity.xr.oculus@1.8.1/Runtime/OculusLoader.cs Line: 243)

Mono: successfully reloaded assembly
- Completed reload, in  0.662 seconds
Platform modules already initialized, skipping
Refreshing native plugins compatible for Editor in 0.35 ms, found 3 plugins.
Preloading 1 native plugins for Editor in 0.07 ms.
Unloading 1644 Unused Serialized files (Serialized files now loaded: 0)
System memory in use before: 90.3 MB.
System memory in use after: 90.3 MB.

Unloading 6 unused Assets to reduce memory usage. Loaded Objects now: 2137.
Total: 2.141000 ms (FindLiveObjects: 0.265700 ms CreateObjectMapping: 0.101400 ms MarkObjects: 1.695600 ms  DeleteObjects: 0.077500 ms)

========================================================================
Received Prepare
Registering precompiled user dll's ...
Registered in 0.001318 seconds.
Begin MonoManager ReloadAssembly
Native extension for WindowsStandalone target not found
Refreshing native plugins compatible for Editor in 0.34 ms, found 3 plugins.
Preloading 1 native plugins for Editor in 0.07 ms.
Invoked RoslynAnalysisRunner static constructor.
RoslynAnalysisRunner will not be running.
RoslynAnalysisRunner has terminated.
NullReferenceException: Object reference not set to an instance of an object
  at Unity.XR.Oculus.OculusLoader.AssetPathToAbsolutePath (System.String assetPath) [0x00048] in C:\Users\andre\Desktop\Class Projects\Repos\Zombie-VR-Survival\Zombie-VR-Survival\Library\PackageCache\com.unity.xr.oculus@1.8.1\Runtime\OculusLoader.cs:243 
  at Unity.XR.Oculus.OculusLoader.EditorLoadOVRPlugin () [0x0007b] in C:\Users\andre\Desktop\Class Projects\Repos\Zombie-VR-Survival\Zombie-VR-Survival\Library\PackageCache\com.unity.xr.oculus@1.8.1\Runtime\OculusLoader.cs:228 

(Filename: Library/PackageCache/com.unity.xr.oculus@1.8.1/Runtime/OculusLoader.cs Line: 243)

Mono: successfully reloaded assembly
- Completed reload, in  0.660 seconds
Platform modules already initialized, skipping
Refreshing native plugins compatible for Editor in 0.37 ms, found 3 plugins.
Preloading 1 native plugins for Editor in 0.07 ms.
Unloading 1644 Unused Serialized files (Serialized files now loaded: 0)
System memory in use before: 90.3 MB.
System memory in use after: 90.4 MB.

Unloading 6 unused Assets to reduce memory usage. Loaded Objects now: 2141.
Total: 1.728000 ms (FindLiveObjects: 0.167400 ms CreateObjectMapping: 0.057700 ms MarkObjects: 1.432400 ms  DeleteObjects: 0.069800 ms)

========================================================================
Received Prepare
Registering precompiled user dll's ...
Registered in 0.001389 seconds.
Begin MonoManager ReloadAssembly
Native extension for WindowsStandalone target not found
Refreshing native plugins compatible for Editor in 0.35 ms, found 3 plugins.
Preloading 1 native plugins for Editor in 0.07 ms.
Invoked RoslynAnalysisRunner static constructor.
RoslynAnalysisRunner will not be running.
RoslynAnalysisRunner has terminated.
NullReferenceException: Object reference not set to an instance of an object
  at Unity.XR.Oculus.OculusLoader.AssetPathToAbsolutePath (System.String assetPath) [0x00048] in C:\Users\andre\Desktop\Class Projects\Repos\Zombie-VR-Survival\Zombie-VR-Survival\Library\PackageCache\com.unity.xr.oculus@1.8.1\Runtime\OculusLoader.cs:243 
  at Unity.XR.Oculus.OculusLoader.EditorLoadOVRPlugin () [0x0007b] in C:\Users\andre\Desktop\Class Projects\Repos\Zombie-VR-Survival\Zombie-VR-Survival\Library\PackageCache\com.unity.xr.oculus@1.8.1\Runtime\OculusLoader.cs:228 

(Filename: Library/PackageCache/com.unity.xr.oculus@1.8.1/Runtime/OculusLoader.cs Line: 243)

Mono: successfully reloaded assembly
- Completed reload, in  0.664 seconds
Platform modules already initialized, skipping
Refreshing native plugins compatible for Editor in 0.34 ms, found 3 plugins.
Preloading 1 native plugins for Editor in 0.07 ms.
Unloading 1644 Unused Serialized files (Serialized files now loaded: 0)
System memory in use before: 90.3 MB.
System memory in use after: 90.4 MB.

Unloading 6 unused Assets to reduce memory usage. Loaded Objects now: 2145.
Total: 1.592600 ms (FindLiveObjects: 0.155200 ms CreateObjectMapping: 0.053400 ms MarkObjects: 1.321600 ms  DeleteObjects: 0.061800 ms)

========================================================================
Received Prepare
Registering precompiled user dll's ...
Registered in 0.001403 seconds.
Begin MonoManager ReloadAssembly
Native extension for WindowsStandalone target not found
Refreshing native plugins compatible for Editor in 0.35 ms, found 3 plugins.
Preloading 1 native plugins for Editor in 0.07 ms.
Invoked RoslynAnalysisRunner static constructor.
RoslynAnalysisRunner will not be running.
RoslynAnalysisRunner has terminated.
NullReferenceException: Object reference not set to an instance of an object
  at Unity.XR.Oculus.OculusLoader.AssetPathToAbsolutePath (System.String assetPath) [0x00048] in C:\Users\andre\Desktop\Class Projects\Repos\Zombie-VR-Survival\Zombie-VR-Survival\Library\PackageCache\com.unity.xr.oculus@1.8.1\Runtime\OculusLoader.cs:243 
  at Unity.XR.Oculus.OculusLoader.EditorLoadOVRPlugin () [0x0007b] in C:\Users\andre\Desktop\Class Projects\Repos\Zombie-VR-Survival\Zombie-VR-Survival\Library\PackageCache\com.unity.xr.oculus@1.8.1\Runtime\OculusLoader.cs:228 

(Filename: Library/PackageCache/com.unity.xr.oculus@1.8.1/Runtime/OculusLoader.cs Line: 243)

Mono: successfully reloaded assembly
- Completed reload, in  0.661 seconds
Platform modules already initialized, skipping
Refreshing native plugins compatible for Editor in 0.34 ms, found 3 plugins.
Preloading 1 native plugins for Editor in 0.06 ms.
Unloading 1644 Unused Serialized files (Serialized files now loaded: 0)
System memory in use before: 90.3 MB.
System memory in use after: 90.4 MB.

Unloading 6 unused Assets to reduce memory usage. Loaded Objects now: 2149.
Total: 1.755700 ms (FindLiveObjects: 0.181000 ms CreateObjectMapping: 0.060900 ms MarkObjects: 1.449200 ms  DeleteObjects: 0.063700 ms)

========================================================================
Received Prepare
Registering precompiled user dll's ...
Registered in 0.001407 seconds.
Begin MonoManager ReloadAssembly
Native extension for WindowsStandalone target not found
Refreshing native plugins compatible for Editor in 0.33 ms, found 3 plugins.
Preloading 1 native plugins for Editor in 0.07 ms.
Invoked RoslynAnalysisRunner static constructor.
RoslynAnalysisRunner will not be running.
RoslynAnalysisRunner has terminated.
NullReferenceException: Object reference not set to an instance of an object
  at Unity.XR.Oculus.OculusLoader.AssetPathToAbsolutePath (System.String assetPath) [0x00048] in C:\Users\andre\Desktop\Class Projects\Repos\Zombie-VR-Survival\Zombie-VR-Survival\Library\PackageCache\com.unity.xr.oculus@1.8.1\Runtime\OculusLoader.cs:243 
  at Unity.XR.Oculus.OculusLoader.EditorLoadOVRPlugin () [0x0007b] in C:\Users\andre\Desktop\Class Projects\Repos\Zombie-VR-Survival\Zombie-VR-Survival\Library\PackageCache\com.unity.xr.oculus@1.8.1\Runtime\OculusLoader.cs:228 

(Filename: Library/PackageCache/com.unity.xr.oculus@1.8.1/Runtime/OculusLoader.cs Line: 243)

Mono: successfully reloaded assembly
- Completed reload, in  0.690 seconds
Platform modules already initialized, skipping
Refreshing native plugins compatible for Editor in 0.34 ms, found 3 plugins.
Preloading 1 native plugins for Editor in 0.06 ms.
Unloading 1644 Unused Serialized files (Serialized files now loaded: 0)
System memory in use before: 90.3 MB.
System memory in use after: 90.4 MB.

Unloading 6 unused Assets to reduce memory usage. Loaded Objects now: 2153.
Total: 1.647900 ms (FindLiveObjects: 0.152300 ms CreateObjectMapping: 0.059400 ms MarkObjects: 1.366100 ms  DeleteObjects: 0.069300 ms)

========================================================================
Received Prepare
Registering precompiled user dll's ...
Registered in 0.001350 seconds.
Begin MonoManager ReloadAssembly
Native extension for WindowsStandalone target not found
Refreshing native plugins compatible for Editor in 0.36 ms, found 3 plugins.
Preloading 1 native plugins for Editor in 0.07 ms.
Invoked RoslynAnalysisRunner static constructor.
RoslynAnalysisRunner will not be running.
RoslynAnalysisRunner has terminated.
NullReferenceException: Object reference not set to an instance of an object
  at Unity.XR.Oculus.OculusLoader.AssetPathToAbsolutePath (System.String assetPath) [0x00048] in C:\Users\andre\Desktop\Class Projects\Repos\Zombie-VR-Survival\Zombie-VR-Survival\Library\PackageCache\com.unity.xr.oculus@1.8.1\Runtime\OculusLoader.cs:243 
  at Unity.XR.Oculus.OculusLoader.EditorLoadOVRPlugin () [0x0007b] in C:\Users\andre\Desktop\Class Projects\Repos\Zombie-VR-Survival\Zombie-VR-Survival\Library\PackageCache\com.unity.xr.oculus@1.8.1\Runtime\OculusLoader.cs:228 

(Filename: Library/PackageCache/com.unity.xr.oculus@1.8.1/Runtime/OculusLoader.cs Line: 243)

Mono: successfully reloaded assembly
- Completed reload, in  0.669 seconds
Platform modules already initialized, skipping
Refreshing native plugins compatible for Editor in 0.35 ms, found 3 plugins.
Preloading 1 native plugins for Editor in 0.07 ms.
Unloading 1644 Unused Serialized files (Serialized files now loaded: 0)
System memory in use before: 90.3 MB.
System memory in use after: 90.4 MB.

Unloading 6 unused Assets to reduce memory usage. Loaded Objects now: 2157.
Total: 1.803900 ms (FindLiveObjects: 0.170200 ms CreateObjectMapping: 0.056700 ms MarkObjects: 1.503500 ms  DeleteObjects: 0.072800 ms)

========================================================================
Received Prepare
Registering precompiled user dll's ...
Registered in 0.009314 seconds.
Begin MonoManager ReloadAssembly
Native extension for WindowsStandalone target not found
Refreshing native plugins compatible for Editor in 0.33 ms, found 3 plugins.
Preloading 1 native plugins for Editor in 0.07 ms.
Invoked RoslynAnalysisRunner static constructor.
RoslynAnalysisRunner will not be running.
RoslynAnalysisRunner has terminated.
NullReferenceException: Object reference not set to an instance of an object
  at Unity.XR.Oculus.OculusLoader.AssetPathToAbsolutePath (System.String assetPath) [0x00048] in C:\Users\andre\Desktop\Class Projects\Repos\Zombie-VR-Survival\Zombie-VR-Survival\Library\PackageCache\com.unity.xr.oculus@1.8.1\Runtime\OculusLoader.cs:243 
  at Unity.XR.Oculus.OculusLoader.EditorLoadOVRPlugin () [0x0007b] in C:\Users\andre\Desktop\Class Projects\Repos\Zombie-VR-Survival\Zombie-VR-Survival\Library\PackageCache\com.unity.xr.oculus@1.8.1\Runtime\OculusLoader.cs:228 

(Filename: Library/PackageCache/com.unity.xr.oculus@1.8.1/Runtime/OculusLoader.cs Line: 243)

Mono: successfully reloaded assembly
- Completed reload, in  0.656 seconds
Platform modules already initialized, skipping
Refreshing native plugins compatible for Editor in 0.33 ms, found 3 plugins.
Preloading 1 native plugins for Editor in 0.06 ms.
Unloading 1644 Unused Serialized files (Serialized files now loaded: 0)
System memory in use before: 90.3 MB.
System memory in use after: 90.4 MB.

Unloading 6 unused Assets to reduce memory usage. Loaded Objects now: 2161.
Total: 1.604100 ms (FindLiveObjects: 0.149700 ms CreateObjectMapping: 0.051100 ms MarkObjects: 1.344200 ms  DeleteObjects: 0.058500 ms)

========================================================================
Received Prepare
Registering precompiled user dll's ...
Registered in 0.001408 seconds.
Begin MonoManager ReloadAssembly
Native extension for WindowsStandalone target not found
Refreshing native plugins compatible for Editor in 0.33 ms, found 3 plugins.
Preloading 1 native plugins for Editor in 0.07 ms.
Invoked RoslynAnalysisRunner static constructor.
RoslynAnalysisRunner will not be running.
RoslynAnalysisRunner has terminated.
NullReferenceException: Object reference not set to an instance of an object
  at Unity.XR.Oculus.OculusLoader.AssetPathToAbsolutePath (System.String assetPath) [0x00048] in C:\Users\andre\Desktop\Class Projects\Repos\Zombie-VR-Survival\Zombie-VR-Survival\Library\PackageCache\com.unity.xr.oculus@1.8.1\Runtime\OculusLoader.cs:243 
  at Unity.XR.Oculus.OculusLoader.EditorLoadOVRPlugin () [0x0007b] in C:\Users\andre\Desktop\Class Projects\Repos\Zombie-VR-Survival\Zombie-VR-Survival\Library\PackageCache\com.unity.xr.oculus@1.8.1\Runtime\OculusLoader.cs:228 

(Filename: Library/PackageCache/com.unity.xr.oculus@1.8.1/Runtime/OculusLoader.cs Line: 243)

Mono: successfully reloaded assembly
- Completed reload, in  0.653 seconds
Platform modules already initialized, skipping
Refreshing native plugins compatible for Editor in 0.33 ms, found 3 plugins.
Preloading 1 native plugins for Editor in 0.06 ms.
Unloading 1644 Unused Serialized files (Serialized files now loaded: 0)
System memory in use before: 90.3 MB.
System memory in use after: 90.4 MB.

Unloading 6 unused Assets to reduce memory usage. Loaded Objects now: 2165.
Total: 2.005500 ms (FindLiveObjects: 0.223600 ms CreateObjectMapping: 0.073900 ms MarkObjects: 1.624500 ms  DeleteObjects: 0.082600 ms)

========================================================================
Received Import Request.
  Time since last request: 2854.032574 seconds.
  path: Assets/Cube.prefab
  artifactKey: Guid(e492c5bff3da6de49b19f608059b8b36) Importer(815301076,1909f56bfc062723c751e8b465ee728b)
Start importing Assets/Cube.prefab using Guid(e492c5bff3da6de49b19f608059b8b36) Importer(815301076,1909f56bfc062723c751e8b465ee728b)  -> (artifact id: '4bfb2e8a5924e4569d1eb1b27a054e15') in 0.070200 seconds
  Import took 0.073081 seconds .

========================================================================
Received Prepare
Registering precompiled user dll's ...
Registered in 0.001309 seconds.
Begin MonoManager ReloadAssembly
Native extension for WindowsStandalone target not found
Refreshing native plugins compatible for Editor in 0.33 ms, found 3 plugins.
Preloading 1 native plugins for Editor in 0.07 ms.
Invoked RoslynAnalysisRunner static constructor.
RoslynAnalysisRunner will not be running.
RoslynAnalysisRunner has terminated.
NullReferenceException: Object reference not set to an instance of an object
  at Unity.XR.Oculus.OculusLoader.AssetPathToAbsolutePath (System.String assetPath) [0x00048] in C:\Users\andre\Desktop\Class Projects\Repos\Zombie-VR-Survival\Zombie-VR-Survival\Library\PackageCache\com.unity.xr.oculus@1.8.1\Runtime\OculusLoader.cs:243 
  at Unity.XR.Oculus.OculusLoader.EditorLoadOVRPlugin () [0x0007b] in C:\Users\andre\Desktop\Class Projects\Repos\Zombie-VR-Survival\Zombie-VR-Survival\Library\PackageCache\com.unity.xr.oculus@1.8.1\Runtime\OculusLoader.cs:228 

(Filename: Library/PackageCache/com.unity.xr.oculus@1.8.1/Runtime/OculusLoader.cs Line: 243)

Mono: successfully reloaded assembly
- Completed reload, in  0.651 seconds
Platform modules already initialized, skipping
Refreshing native plugins compatible for Editor in 0.34 ms, found 3 plugins.
Preloading 1 native plugins for Editor in 0.07 ms.
Unloading 1644 Unused Serialized files (Serialized files now loaded: 0)
System memory in use before: 93.5 MB.
System memory in use after: 93.5 MB.

Unloading 7 unused Assets to reduce memory usage. Loaded Objects now: 2177.
Total: 1.827400 ms (FindLiveObjects: 0.159600 ms CreateObjectMapping: 0.054100 ms MarkObjects: 1.537300 ms  DeleteObjects: 0.075300 ms)

========================================================================
Received Prepare
Registering precompiled user dll's ...
Registered in 0.001488 seconds.
Begin MonoManager ReloadAssembly
Native extension for WindowsStandalone target not found
Refreshing native plugins compatible for Editor in 0.39 ms, found 3 plugins.
Preloading 1 native plugins for Editor in 0.08 ms.
Invoked RoslynAnalysisRunner static constructor.
RoslynAnalysisRunner will not be running.
RoslynAnalysisRunner has terminated.
NullReferenceException: Object reference not set to an instance of an object
  at Unity.XR.Oculus.OculusLoader.AssetPathToAbsolutePath (System.String assetPath) [0x00048] in C:\Users\andre\Desktop\Class Projects\Repos\Zombie-VR-Survival\Zombie-VR-Survival\Library\PackageCache\com.unity.xr.oculus@1.8.1\Runtime\OculusLoader.cs:243 
  at Unity.XR.Oculus.OculusLoader.EditorLoadOVRPlugin () [0x0007b] in C:\Users\andre\Desktop\Class Projects\Repos\Zombie-VR-Survival\Zombie-VR-Survival\Library\PackageCache\com.unity.xr.oculus@1.8.1\Runtime\OculusLoader.cs:228 

(Filename: Library/PackageCache/com.unity.xr.oculus@1.8.1/Runtime/OculusLoader.cs Line: 243)

Mono: successfully reloaded assembly
- Completed reload, in  0.662 seconds
Platform modules already initialized, skipping
Refreshing native plugins compatible for Editor in 0.39 ms, found 3 plugins.
Preloading 1 native plugins for Editor in 0.07 ms.
Unloading 1644 Unused Serialized files (Serialized files now loaded: 0)
System memory in use before: 93.5 MB.
System memory in use after: 93.5 MB.

Unloading 6 unused Assets to reduce memory usage. Loaded Objects now: 2181.
Total: 1.750200 ms (FindLiveObjects: 0.191100 ms CreateObjectMapping: 0.063900 ms MarkObjects: 1.422700 ms  DeleteObjects: 0.071400 ms)

